0 info it worked if it ends with ok
1 verbose cli [ 'C:\\nodeJs\\node.exe',
1 verbose cli   'C:\\nodeJs\\node_modules\\npm\\bin\\npm-cli.js',
1 verbose cli   'start' ]
2 info using npm@3.10.10
3 info using node@v6.11.0
4 verbose run-script [ 'prestart', 'start', 'poststart' ]
5 info lifecycle myapi@1.0.0~prestart: myapi@1.0.0
6 silly lifecycle myapi@1.0.0~prestart: no script for prestart, continuing
7 info lifecycle myapi@1.0.0~start: myapi@1.0.0
8 verbose lifecycle myapi@1.0.0~start: unsafe-perm in lifecycle true
9 verbose lifecycle myapi@1.0.0~start: PATH: C:\nodeJs\node_modules\npm\bin\node-gyp-bin;C:\nodeJs\proj_D\node_modules\.bin;D:\app\user\product\11.2.0\dbhome_1\bin;C:\oracl1\app\oracle\product\11.2.0\server\bin;C:\Program Files (x86)\iis express\PHP\v5.3;C:\PROGRAM FILES (X86)\INTEL\TXE COMPONENTS\TCS\;C:\PROGRAM FILES\INTEL\TXE COMPONENTS\TCS\;C:\WINDOWS\SYSTEM32;C:\WINDOWS;C:\WINDOWS\SYSTEM32\WBEM;C:\WINDOWS\SYSTEM32\WINDOWSPOWERSHELL\V1.0\;C:\PROGRAM FILES\MATLAB\R2015A\BIN;C:\Program Files (x86)\Alltel Broadband Connect;C:\MATLAB3\bin;C:\MATLAB2\bin;C:\vad\bin;C:\Program Files\MATLAB\R2015b\bin;C:\vad1\bin;C:\WINDOWS\system32;C:\WINDOWS\System32\Wbem;C:\WINDOWS\System32\WindowsPowerShell\v1.0\;C:\Users\user\AppData\Local\Code\bin;C:\Program Files (x86)\Microsoft SDKs\Azure\CLI\wbin;C:\Program Files\Microsoft\Web Platform Installer\;C:\Program Files\nodejs\;C:\MarkLogic\MyProject2\;C:\WINDOWS\system32;C:\WINDOWS;C:\WINDOWS\System32\Wbem;C:\WINDOWS\System32\WindowsPowerShell\v1.0\;C:\Program Files (x86)\Skype\Phone\;C:\Program Files (x86)\Brackets\command;C:\ProgramData\ComposerSetup\bin;C:\nodeJs\;C:\Program Files\Git\cmd;;C:\Users\user\AppData\Local\Code\bin;C:\Users\user\AppData\Roaming\npm;C:\Users\user\AppData\Local\Microsoft\WindowsApps;C:\Users\user\AppData\Roaming\Composer\vendor\bin
10 verbose lifecycle myapi@1.0.0~start: CWD: C:\nodeJs\proj_D
11 silly lifecycle myapi@1.0.0~start: Args: [ '/d /s /c', 'nodemon server.js' ]
12 silly lifecycle myapi@1.0.0~start: Returned: code: 1  signal: null
13 info lifecycle myapi@1.0.0~start: Failed to exec start script
14 verbose stack Error: myapi@1.0.0 start: `nodemon server.js`
14 verbose stack Exit status 1
14 verbose stack     at EventEmitter.<anonymous> (C:\nodeJs\node_modules\npm\lib\utils\lifecycle.js:255:16)
14 verbose stack     at emitTwo (events.js:106:13)
14 verbose stack     at EventEmitter.emit (events.js:191:7)
14 verbose stack     at ChildProcess.<anonymous> (C:\nodeJs\node_modules\npm\lib\utils\spawn.js:40:14)
14 verbose stack     at emitTwo (events.js:106:13)
14 verbose stack     at ChildProcess.emit (events.js:191:7)
14 verbose stack     at maybeClose (internal/child_process.js:891:16)
14 verbose stack     at Process.ChildProcess._handle.onexit (internal/child_process.js:226:5)
15 verbose pkgid myapi@1.0.0
16 verbose cwd C:\nodeJs\proj_D
17 error Windows_NT 10.0.15063
18 error argv "C:\\nodeJs\\node.exe" "C:\\nodeJs\\node_modules\\npm\\bin\\npm-cli.js" "start"
19 error node v6.11.0
20 error npm  v3.10.10
21 error code ELIFECYCLE
22 error myapi@1.0.0 start: `nodemon server.js`
22 error Exit status 1
23 error Failed at the myapi@1.0.0 start script 'nodemon server.js'.
23 error Make sure you have the latest version of node.js and npm installed.
23 error If you do, this is most likely a problem with the myapi package,
23 error not with npm itself.
23 error Tell the author that this fails on your system:
23 error     nodemon server.js
23 error You can get information on how to open an issue for this project with:
23 error     npm bugs myapi
23 error Or if that isn't available, you can get their info via:
23 error     npm owner ls myapi
23 error There is likely additional logging output above.
24 verbose exit [ 1, true ]
